<?xml version="1.0" encoding="UTF-8"?>
<!-- Generated by org.testng.reporters.JUnitXMLReporter -->
<testsuite ignored="0" hostname="K584LTRV" failures="2" tests="4" name="Test1" time="19.544" errors="0" timestamp="2024-05-07T18:18:46 IST">
  <testcase classname="com.ust.FreshToHome.tests.PincodeInputTest" name="inputPincodeTest" time="8.205"/>
  <testcase classname="com.ust.FreshToHome.tests.PincodeInputTest" name="inputPincodeTest" time="8.226">
    <failure type="java.lang.Error" message="Unresolved compilation problem: 
	The method log(Status, Media) in the type ExtentTest is not applicable for the arguments (Status, ExtentTest)
">
      <![CDATA[java.lang.Error: Unresolved compilation problem: 
The method log(Status, Media) in the type ExtentTest is not applicable for the arguments (Status, ExtentTest)

at com.ust.FreshToHome.utilities.ExtentReportsListener.onTestSuccess(ExtentReportsListener.java:45)
at java.base/java.util.ArrayList.forEach(ArrayList.java:1511)
at java.base/java.util.concurrent.FutureTask.run(FutureTask.java:264)
at java.base/java.util.concurrent.ThreadPoolExecutor.runWorker(ThreadPoolExecutor.java:1136)
at java.base/java.util.concurrent.ThreadPoolExecutor$Worker.run(ThreadPoolExecutor.java:635)
at java.base/java.lang.Thread.run(Thread.java:840)
... Removed 14 stack frames]]>
    </failure>
  </testcase> <!-- inputPincodeTest -->
  <testcase classname="com.ust.FreshToHome.tests.PincodeInputTest" name="inputPincodesTest" time="4.158"/>
  <testcase classname="com.ust.FreshToHome.tests.PincodeInputTest" name="inputPincodesTest" time="4.231">
    <failure type="java.lang.Error" message="Unresolved compilation problem: 
	The method log(Status, Media) in the type ExtentTest is not applicable for the arguments (Status, ExtentTest)
">
      <![CDATA[java.lang.Error: Unresolved compilation problem: 
The method log(Status, Media) in the type ExtentTest is not applicable for the arguments (Status, ExtentTest)

at com.ust.FreshToHome.utilities.ExtentReportsListener.onTestSuccess(ExtentReportsListener.java:45)
at java.base/java.util.ArrayList.forEach(ArrayList.java:1511)
at java.base/java.util.concurrent.FutureTask.run(FutureTask.java:264)
at java.base/java.util.concurrent.ThreadPoolExecutor.runWorker(ThreadPoolExecutor.java:1136)
at java.base/java.util.concurrent.ThreadPoolExecutor$Worker.run(ThreadPoolExecutor.java:635)
at java.base/java.lang.Thread.run(Thread.java:840)
... Removed 14 stack frames]]>
    </failure>
  </testcase> <!-- inputPincodesTest -->
</testsuite> <!-- Test1 -->
