<?xml version="1.0" encoding="UTF-8"?>
<!-- Generated by org.testng.reporters.JUnitReportReporter -->
<testsuite hostname="K584LTRV" failures="0" tests="2" name="com.ust.FreshToHome.tests.PincodeInputTest" time="12.457" errors="2" timestamp="2024-05-07T18:18:47 IST" skipped="0">
  <testcase classname="com.ust.FreshToHome.tests.PincodeInputTest" name="inputPincodeTest" time="8.226">
    <error message="Unresolved compilation problem: 
	The method log(Status, Media) in the type ExtentTest is not applicable for the arguments (Status, ExtentTest)
" type="java.lang.Error">
      <![CDATA[java.lang.Error: Unresolved compilation problem: 
The method log(Status, Media) in the type ExtentTest is not applicable for the arguments (Status, ExtentTest)

at com.ust.FreshToHome.utilities.ExtentReportsListener.onTestSuccess(ExtentReportsListener.java:45)
at org.testng.internal.TestListenerHelper.runTestListeners(TestListenerHelper.java:112)
at org.testng.internal.invokers.TestInvoker.runTestResultListener(TestInvoker.java:263)
at org.testng.internal.invokers.TestInvoker.invokeMethod(TestInvoker.java:751)
at org.testng.internal.invokers.TestInvoker.invokeTestMethod(TestInvoker.java:228)
at org.testng.internal.invokers.MethodRunner.runInSequence(MethodRunner.java:63)
at org.testng.internal.invokers.TestInvoker$MethodInvocationAgent.invoke(TestInvoker.java:961)
at org.testng.internal.invokers.TestInvoker.invokeTestMethods(TestInvoker.java:201)
at org.testng.internal.invokers.TestMethodWorker.invokeTestMethods(TestMethodWorker.java:148)
at org.testng.internal.invokers.TestMethodWorker.run(TestMethodWorker.java:128)
at java.base/java.util.ArrayList.forEach(ArrayList.java:1511)
at org.testng.TestRunner.privateRun(TestRunner.java:819)
at org.testng.TestRunner.run(TestRunner.java:619)
at org.testng.SuiteRunner.runTest(SuiteRunner.java:443)
at org.testng.SuiteRunner$SuiteWorker.run(SuiteRunner.java:481)
at org.testng.internal.thread.ThreadUtil.lambda$execute$0(ThreadUtil.java:58)
at java.base/java.util.concurrent.FutureTask.run(FutureTask.java:264)
at java.base/java.util.concurrent.ThreadPoolExecutor.runWorker(ThreadPoolExecutor.java:1136)
at java.base/java.util.concurrent.ThreadPoolExecutor$Worker.run(ThreadPoolExecutor.java:635)
at java.base/java.lang.Thread.run(Thread.java:840)
]]>
    </error>
  </testcase> <!-- inputPincodeTest -->
  <testcase classname="com.ust.FreshToHome.tests.PincodeInputTest" name="inputPincodesTest" time="4.231">
    <error message="Unresolved compilation problem: 
	The method log(Status, Media) in the type ExtentTest is not applicable for the arguments (Status, ExtentTest)
" type="java.lang.Error">
      <![CDATA[java.lang.Error: Unresolved compilation problem: 
The method log(Status, Media) in the type ExtentTest is not applicable for the arguments (Status, ExtentTest)

at com.ust.FreshToHome.utilities.ExtentReportsListener.onTestSuccess(ExtentReportsListener.java:45)
at org.testng.internal.TestListenerHelper.runTestListeners(TestListenerHelper.java:112)
at org.testng.internal.invokers.TestInvoker.runTestResultListener(TestInvoker.java:263)
at org.testng.internal.invokers.TestInvoker.invokeMethod(TestInvoker.java:751)
at org.testng.internal.invokers.TestInvoker.invokeTestMethod(TestInvoker.java:228)
at org.testng.internal.invokers.MethodRunner.runInSequence(MethodRunner.java:63)
at org.testng.internal.invokers.TestInvoker$MethodInvocationAgent.invoke(TestInvoker.java:961)
at org.testng.internal.invokers.TestInvoker.invokeTestMethods(TestInvoker.java:201)
at org.testng.internal.invokers.TestMethodWorker.invokeTestMethods(TestMethodWorker.java:148)
at org.testng.internal.invokers.TestMethodWorker.run(TestMethodWorker.java:128)
at java.base/java.util.ArrayList.forEach(ArrayList.java:1511)
at org.testng.TestRunner.privateRun(TestRunner.java:819)
at org.testng.TestRunner.run(TestRunner.java:619)
at org.testng.SuiteRunner.runTest(SuiteRunner.java:443)
at org.testng.SuiteRunner$SuiteWorker.run(SuiteRunner.java:481)
at org.testng.internal.thread.ThreadUtil.lambda$execute$0(ThreadUtil.java:58)
at java.base/java.util.concurrent.FutureTask.run(FutureTask.java:264)
at java.base/java.util.concurrent.ThreadPoolExecutor.runWorker(ThreadPoolExecutor.java:1136)
at java.base/java.util.concurrent.ThreadPoolExecutor$Worker.run(ThreadPoolExecutor.java:635)
at java.base/java.lang.Thread.run(Thread.java:840)
]]>
    </error>
  </testcase> <!-- inputPincodesTest -->
</testsuite> <!-- com.ust.FreshToHome.tests.PincodeInputTest -->
